1627519310346	geckodriver	INFO	Listening on 127.0.0.1:61175
1627519416646	geckodriver	INFO	Listening on 127.0.0.1:50756
1627519419687	mozrunner::runner	INFO	Running command: "C:\\Program Files\\Mozilla Firefox\\firefox.exe" "--marionette" "-foreground" "-no-remote" "-profile" "C:\\Users\\PAULOD~1\\AppData\\Local\\Temp\\rust_mozprofileCHven6"
1627519420354	Marionette	INFO	Marionette enabled
console.warn: SearchSettings: "get: No settings file exists, new profile?" (new NotFoundError("Could not open the file at C:\\Users\\Paulo Duarte\\AppData\\Local\\Temp\\rust_mozprofileCHven6\\search.json.mozlz4", (void 0)))
1627519424483	Marionette	INFO	Listening on port 50765
1627519425016	Marionette	WARN	TLS certificate errors will be ignored for this session
1627519427189	Marionette	INFO	Stopped listening on port 50765

###!!! [Child][RunMessage] Error: Channel closing: too late to send/recv, messages will be lost

1627519451381	geckodriver	INFO	Listening on 127.0.0.1:64914
1627519454433	mozrunner::runner	INFO	Running command: "C:\\Program Files\\Mozilla Firefox\\firefox.exe" "--marionette" "-foreground" "-no-remote" "-profile" "C:\\Users\\PAULOD~1\\AppData\\Local\\Temp\\rust_mozprofileXLjLqH"
1627519455187	Marionette	INFO	Marionette enabled
console.warn: SearchSettings: "get: No settings file exists, new profile?" (new NotFoundError("Could not open the file at C:\\Users\\Paulo Duarte\\AppData\\Local\\Temp\\rust_mozprofileXLjLqH\\search.json.mozlz4", (void 0)))
1627519461004	Marionette	INFO	Listening on port 64923
1627519461103	Marionette	WARN	TLS certificate errors will be ignored for this session
1627519642053	Marionette	INFO	Stopped listening on port 64923

###!!! [Child][RunMessage] Error: Channel closing: too late to send/recv, messages will be lost

"--marionette" "-foreground" "-no-remote" "-profile" "C:\\Users\\PAULOD~1\\AppData\\Local\\Temp\\rust_mozprofile14fO89"
1627519488875	Marionette	INFO	Marionette enabled
console.warn: SearchSettings: "get: No settings file exists, new profile?" (new NotFoundError("Could not open the file at C:\\Users\\Paulo Duarte\\AppData\\Local\\Temp\\rust_mozprofile14fO89\\search.json.mozlz4", (void 0)))
1627519492941	Marionette	INFO	Listening on port 63651
1627519493063	Marionette	WARN	TLS certificate errors will be ignored for this session
1627519500784	Marionette	INFO	Stopped listening on port 63651

###!!! [Child][RunMessage] Error: Channel closing: too late to send/recv, messages will be lost

1627519573072	geckodriver	INFO	Listening on 127.0.0.1:57668
1627519576106	mozrunner::runner	INFO	Running command: "C:\\Program Files\\Mozilla Firefox\\firefox.exe" "--marionette" "-foreground" "-no-remote" "-profile" "C:\\Users\\PAULOD~1\\AppData\\Local\\Temp\\rust_mozprofileHm1eom"
1627519576782	Marionette	INFO	Marionette enabled
console.warn: SearchSettings: "get: No settings file exists, new profile?" (new NotFoundError("Could not open the file at C:\\Users\\Paulo Duarte\\AppData\\Local\\Temp\\rust_mozprofileHm1eom\\search.json.mozlz4", (void 0)))
1627519581271	Marionette	INFO	Listening on port 57677
1627519581471	Marionette	WARN	TLS certificate errors will be ignored for this session
1627519584588	Marionette	INFO	Stopped listening on port 57677

###!!! [Child][MessageChannel] Error: (msgtype=0x590007,name=PHttpChannel::Msg_RemoveCorsPreflightCacheEntry) Channel closing: too late to send/recv, messages will be lost


###!!! [Child][MessageChannel] Error: (msgtype=0x590008,name=PHttpChannel::Msg_DeletingChannel) Channel closing: too late to send/recv, messages will be lost


###!!! [Parent][MessageChannel] Error: (msgtype=0x390079,name=PContent::Msg_DestroyBrowsingContextGroup) Closed channel: cannot send/recv

JavaScript error: resource://gre/modules/Sqlite.jsm, line 1030: Error: Sqlite.jsm has been shutdown. Cannot open connection to: C:\Users\Paulo Duarte\AppData\Local\Temp\rust_mozprofileHm1eom\protections.sqlite
1627519599560	geckodriver	INFO	Listening on 127.0.0.1:53871
1627519602605	mozrunner::runner	INFO	Running command: "C:\\Program Files\\Mozilla Firefox\\firefox.exe" "--marionette" "-foreground" "-no-remote" "-profile" "C:\\Users\\PAULOD~1\\AppData\\Local\\Temp\\rust_mozprofile8HoVxm"
1627519603149	Marionette	INFO	Marionette enabled
console.warn: SearchSettings: "get: No settings file exists, new profile?" (new NotFoundError("Could not open the file at C:\\Users\\Paulo Duarte\\AppData\\Local\\Temp\\rust_mozprofile8HoVxm\\search.json.mozlz4", (void 0)))
1627519608384	Marionette	INFO	Listening on port 53880
1627519608474	Marionette	WARN	TLS certificate errors will be ignored for this session
1627519618352	Marionette	INFO	Stopped listening on port 53880

###!!! [Child][MessageChannel] Error: (msgtype=0x23002E,name=PBrowser::Msg___delete__) Channel closing: too late to send/recv, messages will be lost


###!!! [Parent][MessageChannel] Error: (msgtype=0x390079,name=PContent::Msg_DestroyBrowsingContextGroup) Closed channel: cannot send/recv

JavaScript error: resource://gre/modules/Sqlite.jsm, line 1030: Error: Sqlite.jsm has been shutdown. Cannot open connection to: C:\Users\Paulo Duarte\AppData\Local\Temp\rust_mozprofile8HoVxm\protections.sqlite
1627520538267	geckodriver	INFO	Listening on 127.0.0.1:58260
1627520541257	mozrunner::runner	INFO	Running command: "C:\\Program Files\\Mozilla Firefox\\firefox.exe" "--marionette" "-foreground" "-no-remote" "-profile" "C:\\Users\\PAULOD~1\\AppData\\Local\\Temp\\rust_mozprofilex0XnQz"
1627520542521	Marionette	INFO	Marionette enabled
console.warn: SearchSettings: "get: No settings file exists, new profile?" (new NotFoundError("Could not open the file at C:\\Users\\Paulo Duarte\\AppData\\Local\\Temp\\rust_mozprofilex0XnQz\\search.json.mozlz4", (void 0)))
1627520546887	Marionette	INFO	Listening on port 62403
1627520547198	Marionette	WARN	TLS certificate errors will be ignored for this session
1627520556600	Marionette	INFO	Stopped listening on port 62403

###!!! [Parent][MessageChannel] Error: (msgtype=0x390079,name=PContent::Msg_DestroyBrowsingContextGroup) Closed channel: cannot send/recv

JavaScript error: resource://gre/modules/Sqlite.jsm, line 1030: Error: Sqlite.jsm has been shutdown. Cannot open connection to: C:\Users\Paulo Duarte\AppData\Local\Temp\rust_mozprofilex0XnQz\protections.sqlite
1627520587010	geckodriver	INFO	Listening on 127.0.0.1:64030
1627520590062	mozrunner::runner	INFO	Running command: "C:\\Program Files\\Mozilla Firefox\\firefox.exe" "--marionette" "-foreground" "-no-remote" "-profile" "C:\\Users\\PAULOD~1\\AppData\\Local\\Temp\\rust_mozprofileRcqL6g"
1627520590625	Marionette	INFO	Marionette enabled
console.warn: SearchSettings: "get: No settings file exists, new profile?" (new NotFoundError("Could not open the file at C:\\Users\\Paulo Duarte\\AppData\\Local\\Temp\\rust_mozprofileRcqL6g\\search.json.mozlz4", (void 0)))
1627520594460	Marionette	INFO	Listening on port 56674
1627520594878	Marionette	WARN	TLS certificate errors will be ignored for this session
1627520603778	Marionette	INFO	Stopped listening on port 56674

###!!! [Parent][MessageChannel] Error: (msgtype=0x390079,name=PContent::Msg_DestroyBrowsingContextGroup) Closed channel: cannot send/recv

JavaScript error: resource://gre/modules/Sqlite.jsm, line 1030: Error: Sqlite.jsm has been shutdown. Cannot open connection to: C:\Users\Paulo Duarte\AppData\Local\Temp\rust_mozprofileRcqL6g\protections.sqlite
1627520748665	geckodriver	INFO	Listening on 127.0.0.1:56091
1627520751701	mozrunner::runner	INFO	Running command: "C:\\Program Files\\Mozilla Firefox\\firefox.exe" "--marionette" "-foreground" "-no-remote" "-profile" "C:\\Users\\PAULOD~1\\AppData\\Local\\Temp\\rust_mozprofilefOhPdO"
1627520752286	Marionette	INFO	Marionette enabled
console.warn: SearchSettings: "get: No settings file exists, new profile?" (new NotFoundError("Could not open the file at C:\\Users\\Paulo Duarte\\AppData\\Local\\Temp\\rust_mozprofilefOhPdO\\search.json.mozlz4", (void 0)))
1627520756463	Marionette	INFO	Listening on port 65221
1627520756528	Marionette	WARN	TLS certificate errors will be ignored for this session
1627520765352	Marionette	INFO	Stopped listening on port 65221

###!!! [Parent][MessageChannel] Error: (msgtype=0x390079,name=PContent::Msg_DestroyBrowsingContextGroup) Closed channel: cannot send/recv

JavaScript error: resource://gre/modules/Sqlite.jsm, line 1030: Error: Sqlite.jsm has been shutdown. Cannot open connection to: C:\Users\Paulo Duarte\AppData\Local\Temp\rust_mozprofilefOhPdO\protections.sqlite
1627520782137	geckodriver	INFO	Listening on 127.0.0.1:56428
1627520785181	mozrunner::runner	INFO	Running command: "C:\\Program Files\\Mozilla Firefox\\firefox.exe" "--marionette" "-foreground" "-no-remote" "-profile" "C:\\Users\\PAULOD~1\\AppData\\Local\\Temp\\rust_mozprofile6anEhm"
1627520785730	Marionette	INFO	Marionette enabled
console.warn: SearchSettings: "get: No settings file exists, new profile?" (new NotFoundError("Could not open the file at C:\\Users\\Paulo Duarte\\AppData\\Local\\Temp\\rust_mozprofile6anEhm\\search.json.mozlz4", (void 0)))
1627520789710	Marionette	INFO	Listening on port 56654
1627520790015	Marionette	WARN	TLS certificate errors will be ignored for this session
1627520799278	Marionette	INFO	Stopped listening on port 56654

###!!! [Parent][MessageChannel] Error: (msgtype=0x390079,name=PContent::Msg_DestroyBrowsingContextGroup) Closed channel: cannot send/recv

JavaScript error: resource://gre/modules/Sqlite.jsm, line 1030: Error: Sqlite.jsm has been shutdown. Cannot open connection to: C:\Users\Paulo Duarte\AppData\Local\Temp\rust_mozprofile6anEhm\protections.sqlite
1627520873966	geckodriver	INFO	Listening on 127.0.0.1:57405
1627520877012	mozrunner::runner	INFO	Running command: "C:\\Program Files\\Mozilla Firefox\\firefox.exe" "--marionette" "-foreground" "-no-remote" "-profile" "C:\\Users\\PAULOD~1\\AppData\\Local\\Temp\\rust_mozprofileH1RFMr"
1627520877565	Marionette	INFO	Marionette enabled
console.warn: SearchSettings: "get: No settings file exists, new profile?" (new NotFoundError("Could not open the file at C:\\Users\\Paulo Duarte\\AppData\\Local\\Temp\\rust_mozprofileH1RFMr\\search.json.mozlz4", (void 0)))
1627520881617	Marionette	INFO	Listening on port 58157
1627520881834	Marionette	WARN	TLS certificate errors will be ignored for this session
1627520890665	Marionette	INFO	Stopped listening on port 58157

###!!! [Parent][MessageChannel] Error: (msgtype=0x390079,name=PContent::Msg_DestroyBrowsingContextGroup) Closed channel: cannot send/recv

JavaScript error: resource://gre/modules/Sqlite.jsm, line 1030: Error: Sqlite.jsm has been shutdown. Cannot open connection to: C:\Users\Paulo Duarte\AppData\Local\Temp\rust_mozprofileH1RFMr\protections.sqlite
1627520903100	geckodriver	INFO	Listening on 127.0.0.1:53298
1627520906144	mozrunner::runner	INFO	Running command: "C:\\Program Files\\Mozilla Firefox\\firefox.exe" "--marionette" "-foreground" "-no-remote" "-profile" "C:\\Users\\PAULOD~1\\AppData\\Local\\Temp\\rust_mozprofileioD6RH"
1627520906728	Marionette	INFO	Marionette enabled
console.warn: SearchSettings: "get: No settings file exists, new profile?" (new NotFoundError("Could not open the file at C:\\Users\\Paulo Duarte\\AppData\\Local\\Temp\\rust_mozprofileioD6RH\\search.json.mozlz4", (void 0)))
1627520910756	Marionette	INFO	Listening on port 50094
1627520910957	Marionette	WARN	TLS certificate errors will be ignored for this session
1627520921824	Marionette	INFO	Stopped listening on port 50094

###!!! [Parent][MessageChannel] Error: (msgtype=0x390079,name=PContent::Msg_DestroyBrowsingContextGroup) Closed channel: cannot send/recv

JavaScript error: resource://gre/modules/Sqlite.jsm, line 1030: Error: Sqlite.jsm has been shutdown. Cannot open connection to: C:\Users\Paulo Duarte\AppData\Local\Temp\rust_mozprofileioD6RH\protections.sqlite

###!!! [Child][RunMessage] Error: Channel closing: too late to send/recv, messages will be lost

1627521057778	geckodriver	INFO	Listening on 127.0.0.1:59822
1627521060832	mozrunner::runner	INFO	Running command: "C:\\Program Files\\Mozilla Firefox\\firefox.exe" "--marionette" "-foreground" "-no-remote" "-profile" "C:\\Users\\PAULOD~1\\AppData\\Local\\Temp\\rust_mozprofileF89Eul"
1627521061516	Marionette	INFO	Marionette enabled
console.warn: SearchSettings: "get: No settings file exists, new profile?" (new NotFoundError("Could not open the file at C:\\Users\\Paulo Duarte\\AppData\\Local\\Temp\\rust_mozprofileF89Eul\\search.json.mozlz4", (void 0)))
1627521065837	Marionette	INFO	Listening on port 52174
1627521065911	Marionette	WARN	TLS certificate errors will be ignored for this session
1627521074827	Marionette	INFO	Stopped listening on port 52174

###!!! [Child][MessageChannel] Error: (msgtype=0x39011B,name=PContent::Msg_RecordDiscardedData) Channel closing: too late to send/recv, messages will be lost


###!!! [Parent][MessageChannel] Error: (msgtype=0x390079,name=PContent::Msg_DestroyBrowsingContextGroup) Closed channel: cannot send/recv

JavaScript error: resource://gre/modules/Sqlite.jsm, line 1030: Error: Sqlite.jsm has been shutdown. Cannot open connection to: C:\Users\Paulo Duarte\AppData\Local\Temp\rust_mozprofileF89Eul\protections.sqlite

###!!! [Child][RunMessage] Error: Channel closing: too late to send/recv, messages will be lost

1627521195679	geckodriver	INFO	Listening on 127.0.0.1:65357
1627521198722	mozrunner::runner	INFO	Running command: "C:\\Program Files\\Mozilla Firefox\\firefox.exe" "--marionette" "-foreground" "-no-remote" "-profile" "C:\\Users\\PAULOD~1\\AppData\\Local\\Temp\\rust_mozprofilelJapvx"
1627521199455	Marionette	INFO	Marionette enabled
console.warn: SearchSettings: "get: No settings file exists, new profile?" (new NotFoundError("Could not open the file at C:\\Users\\Paulo Duarte\\AppData\\Local\\Temp\\rust_mozprofilelJapvx\\search.json.mozlz4", (void 0)))
1627521204238	Marionette	INFO	Listening on port 51254
1627521204787	Marionette	WARN	TLS certificate errors will be ignored for this session
1627521217068	Marionette	INFO	Stopped listening on port 51254

###!!! [Parent][MessageChannel] Error: (msgtype=0x390079,name=PContent::Msg_DestroyBrowsingContextGroup) Closed channel: cannot send/recv

JavaScript error: resource://gre/modules/Sqlite.jsm, line 1030: Error: Sqlite.jsm has been shutdown. Cannot open connection to: C:\Users\Paulo Duarte\AppData\Local\Temp\rust_mozprofilelJapvx\protections.sqlite
1627521229326	geckodriver	INFO	Listening on 127.0.0.1:56668
1627521232369	mozrunner::runner	INFO	Running command: "C:\\Program Files\\Mozilla Firefox\\firefox.exe" "--marionette" "-foreground" "-no-remote" "-profile" "C:\\Users\\PAULOD~1\\AppData\\Local\\Temp\\rust_mozprofileUjmCee"
1627521232944	Marionette	INFO	Marionette enabled
console.warn: SearchSettings: "get: No settings file exists, new profile?" (new NotFoundError("Could not open the file at C:\\Users\\Paulo Duarte\\AppData\\Local\\Temp\\rust_mozprofileUjmCee\\search.json.mozlz4", (void 0)))
1627521237023	Marionette	INFO	Listening on port 65256
1627521237223	Marionette	WARN	TLS certificate errors will be ignored for this session
1627521280463	Marionette	INFO	Stopped listening on port 65256

###!!! [Parent][MessageChannel] Error: (msgtype=0x390079,name=PContent::Msg_DestroyBrowsingContextGroup) Closed channel: cannot send/recv

JavaScript error: resource://gre/modules/Sqlite.jsm, line 1030: Error: Sqlite.jsm has been shutdown. Cannot open connection to: C:\Users\Paulo Duarte\AppData\Local\Temp\rust_mozprofileUjmCee\protections.sqlite
1627521466278	geckodriver	INFO	Listening on 127.0.0.1:59380
1627521469321	mozrunner::runner	INFO	Running command: "C:\\Program Files\\Mozilla Firefox\\firefox.exe" "--marionette" "-foreground" "-no-remote" "-profile" "C:\\Users\\PAULOD~1\\AppData\\Local\\Temp\\rust_mozprofileYRHX32"
1627521470116	Marionette	INFO	Marionette enabled
console.warn: SearchSettings: "get: No settings file exists, new profile?" (new NotFoundError("Could not open the file at C:\\Users\\Paulo Duarte\\AppData\\Local\\Temp\\rust_mozprofileYRHX32\\search.json.mozlz4", (void 0)))
1627521476181	Marionette	INFO	Listening on port 64489
1627521476283	Marionette	WARN	TLS certificate errors will be ignored for this session
1627521493033	Marionette	INFO	Stopped listening on port 64489

###!!! [Parent][MessageChannel] Error: (msgtype=0x390079,name=PContent::Msg_DestroyBrowsingContextGroup) Closed channel: cannot send/recv

JavaScript error: resource://gre/modules/Sqlite.jsm, line 1030: Error: Sqlite.jsm has been shutdown. Cannot open connection to: C:\Users\Paulo Duarte\AppData\Local\Temp\rust_mozprofileYRHX32\protections.sqlite
1627521532787	geckodriver	INFO	Listening on 127.0.0.1:57052
1627521535837	mozrunner::runner	INFO	Running command: "C:\\Program Files\\Mozilla Firefox\\firefox.exe" "--marionette" "-foreground" "-no-remote" "-profile" "C:\\Users\\PAULOD~1\\AppData\\Local\\Temp\\rust_mozprofileYCiLfH"
1627521536378	Marionette	INFO	Marionette enabled
console.warn: SearchSettings: "get: No settings file exists, new profile?" (new NotFoundError("Could not open the file at C:\\Users\\Paulo Duarte\\AppData\\Local\\Temp\\rust_mozprofileYCiLfH\\search.json.mozlz4", (void 0)))
1627521540456	Marionette	INFO	Listening on port 56457
1627521540662	Marionette	WARN	TLS certificate errors will be ignored for this session
1627521558163	Marionette	INFO	Stopped listening on port 56457

###!!! [Parent][MessageChannel] Error: (msgtype=0x390079,name=PContent::Msg_DestroyBrowsingContextGroup) Closed channel: cannot send/recv

JavaScript error: resource://gre/modules/Sqlite.jsm, line 1030: Error: Sqlite.jsm has been shutdown. Cannot open connection to: C:\Users\Paulo Duarte\AppData\Local\Temp\rust_mozprofileYCiLfH\protections.sqlite
1627521829188	geckodriver	INFO	Listening on 127.0.0.1:52099
1627521832235	mozrunner::runner	INFO	Running command: "C:\\Program Files\\Mozilla Firefox\\firefox.exe" "--marionette" "-foreground" "-no-remote" "-profile" "C:\\Users\\PAULOD~1\\AppData\\Local\\Temp\\rust_mozprofileTnUGqj"
1627521833512	Marionette	INFO	Marionette enabled
console.warn: SearchSettings: "get: No settings file exists, new profile?" (new NotFoundError("Could not open the file at C:\\Users\\Paulo Duarte\\AppData\\Local\\Temp\\rust_mozprofileTnUGqj\\search.json.mozlz4", (void 0)))
1627521838034	Marionette	INFO	Listening on port 52109
1627521838084	Marionette	WARN	TLS certificate errors will be ignored for this session
1627521855884	Marionette	INFO	Stopped listening on port 52109

###!!! [Parent][MessageChannel] Error: (msgtype=0x390079,name=PContent::Msg_DestroyBrowsingContextGroup) Closed channel: cannot send/recv

JavaScript error: resource://gre/modules/Sqlite.jsm, line 1030: Error: Sqlite.jsm has been shutdown. Cannot open connection to: C:\Users\Paulo Duarte\AppData\Local\Temp\rust_mozprofileTnUGqj\protections.sqlite
1627521875267	geckodriver	INFO	Listening on 127.0.0.1:51325
1627521878287	mozrunner::runner	INFO	Running command: "C:\\Program Files\\Mozilla Firefox\\firefox.exe" "--marionette" "-foreground" "-no-remote" "-profile" "C:\\Users\\PAULOD~1\\AppData\\Local\\Temp\\rust_mozprofileUfXZU0"
1627521878866	Marionette	INFO	Marionette enabled
console.warn: SearchSettings: "get: No settings file exists, new profile?" (new NotFoundError("Could not open the file at C:\\Users\\Paulo Duarte\\AppData\\Local\\Temp\\rust_mozprofileUfXZU0\\search.json.mozlz4", (void 0)))
1627521883688	Marionette	INFO	Listening on port 51334
1627521884129	Marionette	WARN	TLS certificate errors will be ignored for this session
1627521902540	Marionette	INFO	Stopped listening on port 51334

###!!! [Parent][MessageChannel] Error: (msgtype=0x390079,name=PContent::Msg_DestroyBrowsingContextGroup) Closed channel: cannot send/recv

JavaScript error: resource://gre/modules/Sqlite.jsm, line 1030: Error: Sqlite.jsm has been shutdown. Cannot open connection to: C:\Users\Paulo Duarte\AppData\Local\Temp\rust_mozprofileUfXZU0\protections.sqlite
1627522083975	geckodriver	INFO	Listening on 127.0.0.1:60171
1627522087055	mozrunner::runner	INFO	Running command: "C:\\Program Files\\Mozilla Firefox\\firefox.exe" "--marionette" "-foreground" "-no-remote" "-profile" "C:\\Users\\PAULOD~1\\AppData\\Local\\Temp\\rust_mozprofile2Ibzo1"
1627522088282	Marionette	INFO	Marionette enabled
console.warn: SearchSettings: "get: No settings file exists, new profile?" (new NotFoundError("Could not open the file at C:\\Users\\Paulo Duarte\\AppData\\Local\\Temp\\rust_mozprofile2Ibzo1\\search.json.mozlz4", (void 0)))
1627522095691	Marionette	INFO	Listening on port 60180
1627522095895	Marionette	WARN	TLS certificate errors will be ignored for this session
1627522117457	Marionette	INFO	Stopped listening on port 60180

###!!! [Parent][MessageChannel] Error: (msgtype=0x390079,name=PContent::Msg_DestroyBrowsingContextGroup) Closed channel: cannot send/recv

JavaScript error: resource://gre/modules/Sqlite.jsm, line 1030: Error: Sqlite.jsm has been shutdown. Cannot open connection to: C:\Users\Paulo Duarte\AppData\Local\Temp\rust_mozprofile2Ibzo1\protections.sqlite
1627522138354	geckodriver	INFO	Listening on 127.0.0.1:59535
1627522141382	mozrunner::runner	INFO	Running command: "C:\\Program Files\\Mozilla Firefox\\firefox.exe" "--marionette" "-foreground" "-no-remote" "-profile" "C:\\Users\\PAULOD~1\\AppData\\Local\\Temp\\rust_mozprofileHxcKvo"
1627522142069	Marionette	INFO	Marionette enabled
console.warn: SearchSettings: "get: No settings file exists, new profile?" (new NotFoundError("Could not open the file at C:\\Users\\Paulo Duarte\\AppData\\Local\\Temp\\rust_mozprofileHxcKvo\\search.json.mozlz4", (void 0)))
1627522148275	Marionette	INFO	Listening on port 59544
1627522148790	Marionette	WARN	TLS certificate errors will be ignored for this session
1627522168521	Marionette	INFO	Stopped listening on port 59544

###!!! [Parent][MessageChannel] Error: (msgtype=0x390079,name=PContent::Msg_DestroyBrowsingContextGroup) Closed channel: cannot send/recv

JavaScript error: resource://gre/modules/Sqlite.jsm, line 1030: Error: Sqlite.jsm has been shutdown. Cannot open connection to: C:\Users\Paulo Duarte\AppData\Local\Temp\rust_mozprofileHxcKvo\protections.sqlite
1627522205021	geckodriver	INFO	Listening on 127.0.0.1:57292
1627522207952	mozrunner::runner	INFO	Running command: "C:\\Program Files\\Mozilla Firefox\\firefox.exe" "--marionette" "-foreground" "-no-remote" "-profile" "C:\\Users\\PAULOD~1\\AppData\\Local\\Temp\\rust_mozprofilezOLBBA"
1627522209092	Marionette	INFO	Marionette enabled
console.warn: SearchSettings: "get: No settings file exists, new profile?" (new NotFoundError("Could not open the file at C:\\Users\\Paulo Duarte\\AppData\\Local\\Temp\\rust_mozprofilezOLBBA\\search.json.mozlz4", (void 0)))
1627522214964	Marionette	INFO	Listening on port 57302
1627522215094	Marionette	WARN	TLS certificate errors will be ignored for this session
1627522233717	Marionette	INFO	Stopped listening on port 57302

###!!! [Parent][MessageChannel] Error: (msgtype=0x390079,name=PContent::Msg_DestroyBrowsingContextGroup) Closed channel: cannot send/recv

JavaScript error: resource://gre/modules/Sqlite.jsm, line 1030: Error: Sqlite.jsm has been shutdown. Cannot open connection to: C:\Users\Paulo Duarte\AppData\Local\Temp\rust_mozprofilezOLBBA\protections.sqlite
1627522417894	geckodriver	INFO	Listening on 127.0.0.1:56840
1627522420900	mozrunner::runner	INFO	Running command: "C:\\Program Files\\Mozilla Firefox\\firefox.exe" "--marionette" "-foreground" "-no-remote" "-profile" "C:\\Users\\PAULOD~1\\AppData\\Local\\Temp\\rust_mozprofileGkljO0"
1627522422248	Marionette	INFO	Marionette enabled
console.warn: SearchSettings: "get: No settings file exists, new profile?" (new NotFoundError("Could not open the file at C:\\Users\\Paulo Duarte\\AppData\\Local\\Temp\\rust_mozprofileGkljO0\\search.json.mozlz4", (void 0)))
1627522426872	Marionette	INFO	Listening on port 63159
1627522427409	Marionette	WARN	TLS certificate errors will be ignored for this session
[Parent 240, IPC I/O Parent] WARNING: pipe error: 232: file /builds/worker/checkouts/gecko/ipc/chromium/src/chrome/common/ipc_channel_win.cc:544
JavaScript error: resource://gre/modules/AsyncShutdown.jsm, line 718: Error: Phase "Sqlite.jsm: wait until all connections are closed" is finished, it is too late to register completion condition "protections.sqlite#0: waiting for shutdown"
1627522444676	Marionette	INFO	Stopped listening on port 63159
1627522904096	geckodriver	INFO	Listening on 127.0.0.1:49973
1627522907127	mozrunner::runner	INFO	Running command: "C:\\Program Files\\Mozilla Firefox\\firefox.exe" "--marionette" "-foreground" "-no-remote" "-profile" "C:\\Users\\PAULOD~1\\AppData\\Local\\Temp\\rust_mozprofileUa1fWV"
1627522907898	Marionette	INFO	Marionette enabled
console.warn: SearchSettings: "get: No settings file exists, new profile?" (new NotFoundError("Could not open the file at C:\\Users\\Paulo Duarte\\AppData\\Local\\Temp\\rust_mozprofileUa1fWV\\search.json.mozlz4", (void 0)))
1627522913541	Marionette	INFO	Listening on port 49982
1627522913615	Marionette	WARN	TLS certificate errors will be ignored for this session
1627522931407	Marionette	INFO	Stopped listening on port 49982

###!!! [Parent][MessageChannel] Error: (msgtype=0x390079,name=PContent::Msg_DestroyBrowsingContextGroup) Closed channel: cannot send/recv

JavaScript error: resource://gre/modules/Sqlite.jsm, line 1030: Error: Sqlite.jsm has been shutdown. Cannot open connection to: C:\Users\Paulo Duarte\AppData\Local\Temp\rust_mozprofileUa1fWV\protections.sqlite
1627523047737	geckodriver	INFO	Listening on 127.0.0.1:63550
1627523050787	mozrunner::runner	INFO	Running command: "C:\\Program Files\\Mozilla Firefox\\firefox.exe" "--marionette" "-foreground" "-no-remote" "-profile" "C:\\Users\\PAULOD~1\\AppData\\Local\\Temp\\rust_mozprofilerSBoiT"
1627523051763	Marionette	INFO	Marionette enabled
console.warn: SearchSettings: "get: No settings file exists, new profile?" (new NotFoundError("Could not open the file at C:\\Users\\Paulo Duarte\\AppData\\Local\\Temp\\rust_mozprofilerSBoiT\\search.json.mozlz4", (void 0)))
1627523055657	Marionette	INFO	Listening on port 63559
1627523056125	Marionette	WARN	TLS certificate errors will be ignored for this session
1627523073410	Marionette	INFO	Stopped listening on port 63559

###!!! [Parent][MessageChannel] Error: (msgtype=0x390079,name=PContent::Msg_DestroyBrowsingContextGroup) Closed channel: cannot send/recv

JavaScript error: resource://gre/modules/Sqlite.jsm, line 1030: Error: Sqlite.jsm has been shutdown. Cannot open connection to: C:\Users\Paulo Duarte\AppData\Local\Temp\rust_mozprofilerSBoiT\protections.sqlite

###!!! [Child][RunMessage] Error: Channel closing: too late to send/recv, messages will be lost

1627523122077	geckodriver	INFO	Listening on 127.0.0.1:55608
1627523125121	mozrunner::runner	INFO	Running command: "C:\\Program Files\\Mozilla Firefox\\firefox.exe" "--marionette" "-foreground" "-no-remote" "-profile" "C:\\Users\\PAULOD~1\\AppData\\Local\\Temp\\rust_mozprofilerbwdRS"
1627523125682	Marionette	INFO	Marionette enabled
console.warn: SearchSettings: "get: No settings file exists, new profile?" (new NotFoundError("Could not open the file at C:\\Users\\Paulo Duarte\\AppData\\Local\\Temp\\rust_mozprofilerbwdRS\\search.json.mozlz4", (void 0)))
1627523132013	Marionette	INFO	Listening on port 55617
1627523132418	Marionette	WARN	TLS certificate errors will be ignored for this session
1627523150473	Marionette	INFO	Stopped listening on port 55617

###!!! [Parent][MessageChannel] Error: (msgtype=0x1F0011,name=PBackgroundStorage::Msg_Observe) Channel error: cannot send/recv


###!!! [Parent][MessageChannel] Error: (msgtype=0x1F0011,name=PBackgroundStorage::Msg_Observe) Channel error: cannot send/recv


###!!! [Parent][MessageChannel] Error: (msgtype=0x390079,name=PContent::Msg_DestroyBrowsingContextGroup) Closed channel: cannot send/recv

JavaScript error: resource://gre/modules/Sqlite.jsm, line 1030: Error: Sqlite.jsm has been shutdown. Cannot open connection to: C:\Users\Paulo Duarte\AppData\Local\Temp\rust_mozprofilerbwdRS\protections.sqlite
1627523340706	geckodriver	INFO	Listening on 127.0.0.1:63743
1627523343728	mozrunner::runner	INFO	Running command: "C:\\Program Files\\Mozilla Firefox\\firefox.exe" "--marionette" "-foreground" "-no-remote" "-profile" "C:\\Users\\PAULOD~1\\AppData\\Local\\Temp\\rust_mozprofilejNwURv"
1627523344302	Marionette	INFO	Marionette enabled
console.warn: SearchSettings: "get: No settings file exists, new profile?" (new NotFoundError("Could not open the file at C:\\Users\\Paulo Duarte\\AppData\\Local\\Temp\\rust_mozprofilejNwURv\\search.json.mozlz4", (void 0)))
1627523348855	Marionette	INFO	Listening on port 63753
1627523349043	Marionette	WARN	TLS certificate errors will be ignored for this session
1627523367976	Marionette	INFO	Stopped listening on port 63753

###!!! [Parent][MessageChannel] Error: (msgtype=0x390079,name=PContent::Msg_DestroyBrowsingContextGroup) Closed channel: cannot send/recv

JavaScript error: resource://gre/modules/Sqlite.jsm, line 1030: Error: Sqlite.jsm has been shutdown. Cannot open connection to: C:\Users\Paulo Duarte\AppData\Local\Temp\rust_mozprofilejNwURv\protections.sqlite
1627523404176	geckodriver	INFO	Listening on 127.0.0.1:62407
1627523407203	mozrunner::runner	INFO	Running command: "C:\\Program Files\\Mozilla Firefox\\firefox.exe" "--marionette" "-foreground" "-no-remote" "-profile" "C:\\Users\\PAULOD~1\\AppData\\Local\\Temp\\rust_mozprofiletC2b21"
1627523408231	Marionette	INFO	Marionette enabled
console.warn: SearchSettings: "get: No settings file exists, new profile?" (new NotFoundError("Could not open the file at C:\\Users\\Paulo Duarte\\AppData\\Local\\Temp\\rust_mozprofiletC2b21\\search.json.mozlz4", (void 0)))
1627523413584	Marionette	INFO	Listening on port 62416
1627523413755	Marionette	WARN	TLS certificate errors will be ignored for this session
1627523430707	Marionette	INFO	Stopped listening on port 62416

###!!! [Child][MessageChannel] Error: (msgtype=0x23002E,name=PBrowser::Msg___delete__) Channel closing: too late to send/recv, messages will be lost


###!!! [Parent][MessageChannel] Error: (msgtype=0x390079,name=PContent::Msg_DestroyBrowsingContextGroup) Closed channel: cannot send/recv

JavaScript error: resource://gre/modules/Sqlite.jsm, line 1030: Error: Sqlite.jsm has been shutdown. Cannot open connection to: C:\Users\Paulo Duarte\AppData\Local\Temp\rust_mozprofiletC2b21\protections.sqlite
1627594251394	geckodriver	INFO	Listening on 127.0.0.1:51803
1627594254449	mozrunner::runner	INFO	Running command: "C:\\Program Files\\Mozilla Firefox\\firefox.exe" "--marionette" "-foreground" "-no-remote" "-profile" "C:\\Users\\PAULOD~1\\AppData\\Local\\Temp\\rust_mozprofile8gsd3u"
1627594255570	Marionette	INFO	Marionette enabled
console.warn: SearchSettings: "get: No settings file exists, new profile?" (new NotFoundError("Could not open the file at C:\\Users\\Paulo Duarte\\AppData\\Local\\Temp\\rust_mozprofile8gsd3u\\search.json.mozlz4", (void 0)))
1627594262146	Marionette	INFO	Listening on port 51812
1627594262737	Marionette	WARN	TLS certificate errors will be ignored for this session
1627594284100	Marionette	INFO	Stopped listening on port 51812

###!!! [Child][MessageChannel] Error: (msgtype=0x39011B,name=PContent::Msg_RecordDiscardedData) Channel closing: too late to send/recv, messages will be lost


###!!! [Parent][MessageChannel] Error: (msgtype=0x390079,name=PContent::Msg_DestroyBrowsingContextGroup) Closed channel: cannot send/recv

JavaScript error: resource://gre/modules/Sqlite.jsm, line 1030: Error: Sqlite.jsm has been shutdown. Cannot open connection to: C:\Users\Paulo Duarte\AppData\Local\Temp\rust_mozprofile8gsd3u\protections.sqlite
1627597605804	geckodriver	INFO	Listening on 127.0.0.1:58067
1627597608842	mozrunner::runner	INFO	Running command: "C:\\Program Files\\Mozilla Firefox\\firefox.exe" "--marionette" "-foreground" "-no-remote" "-profile" "C:\\Users\\PAULOD~1\\AppData\\Local\\Temp\\rust_mozprofile3ZJ5r7"
1627597609455	Marionette	INFO	Marionette enabled
console.warn: SearchSettings: "get: No settings file exists, new profile?" (new NotFoundError("Could not open the file at C:\\Users\\Paulo Duarte\\AppData\\Local\\Temp\\rust_mozprofile3ZJ5r7\\search.json.mozlz4", (void 0)))
1627597612972	Marionette	INFO	Listening on port 60348
1627597613056	Marionette	WARN	TLS certificate errors will be ignored for this session
1627597629525	Marionette	INFO	Stopped listening on port 60348

###!!! [Parent][MessageChannel] Error: (msgtype=0x390079,name=PContent::Msg_DestroyBrowsingContextGroup) Closed channel: cannot send/recv

JavaScript error: resource://gre/modules/Sqlite.jsm, line 1030: Error: Sqlite.jsm has been shutdown. Cannot open connection to: C:\Users\Paulo Duarte\AppData\Local\Temp\rust_mozprofile3ZJ5r7\protections.sqlite
1627597843853	geckodriver	INFO	Listening on 127.0.0.1:58632
1627597846906	mozrunner::runner	INFO	Running command: "C:\\Program Files\\Mozilla Firefox\\firefox.exe" "--marionette" "-foreground" "-no-remote" "-profile" "C:\\Users\\PAULOD~1\\AppData\\Local\\Temp\\rust_mozprofileyomPci"
1627597847446	Marionette	INFO	Marionette enabled
console.warn: SearchSettings: "get: No settings file exists, new profile?" (new NotFoundError("Could not open the file at C:\\Users\\Paulo Duarte\\AppData\\Local\\Temp\\rust_mozprofileyomPci\\search.json.mozlz4", (void 0)))
1627597850837	Marionette	INFO	Listening on port 58641
1627597851099	Marionette	WARN	TLS certificate errors will be ignored for this session
1627597867111	Marionette	INFO	Stopped listening on port 58641

###!!! [Parent][MessageChannel] Error: (msgtype=0x390079,name=PContent::Msg_DestroyBrowsingContextGroup) Closed channel: cannot send/recv

JavaScript error: resource://gre/modules/Sqlite.jsm, line 1030: Error: Sqlite.jsm has been shutdown. Cannot open connection to: C:\Users\Paulo Duarte\AppData\Local\Temp\rust_mozprofileyomPci\protections.sqlite
1627597929081	geckodriver	INFO	Listening on 127.0.0.1:61236
1627597932103	mozrunner::runner	INFO	Running command: "C:\\Program Files\\Mozilla Firefox\\firefox.exe" "--marionette" "-foreground" "-no-remote" "-profile" "C:\\Users\\PAULOD~1\\AppData\\Local\\Temp\\rust_mozprofileLTKfHL"
1627597932694	Marionette	INFO	Marionette enabled
console.warn: SearchSettings: "get: No settings file exists, new profile?" (new NotFoundError("Could not open the file at C:\\Users\\Paulo Duarte\\AppData\\Local\\Temp\\rust_mozprofileLTKfHL\\search.json.mozlz4", (void 0)))
1627597936113	Marionette	INFO	Listening on port 61246
1627597936317	Marionette	WARN	TLS certificate errors will be ignored for this session
1627597951527	Marionette	INFO	Stopped listening on port 61246

###!!! [Parent][MessageChannel] Error: (msgtype=0x390079,name=PContent::Msg_DestroyBrowsingContextGroup) Closed channel: cannot send/recv

JavaScript error: resource://gre/modules/Sqlite.jsm, line 1030: Error: Sqlite.jsm has been shutdown. Cannot open connection to: C:\Users\Paulo Duarte\AppData\Local\Temp\rust_mozprofileLTKfHL\protections.sqlite
1627598247946	geckodriver	INFO	Listening on 127.0.0.1:55761
1627598251025	mozrunner::runner	INFO	Running command: "C:\\Program Files\\Mozilla Firefox\\firefox.exe" "--marionette" "-foreground" "-no-remote" "-profile" "C:\\Users\\PAULOD~1\\AppData\\Local\\Temp\\rust_mozprofileJtQFBU"
1627598251609	Marionette	INFO	Marionette enabled
console.warn: SearchSettings: "get: No settings file exists, new profile?" (new NotFoundError("Could not open the file at C:\\Users\\Paulo Duarte\\AppData\\Local\\Temp\\rust_mozprofileJtQFBU\\search.json.mozlz4", (void 0)))
1627598254958	Marionette	INFO	Listening on port 55770
1627598255237	Marionette	WARN	TLS certificate errors will be ignored for this session
1627598271980	Marionette	INFO	Stopped listening on port 55770

###!!! [Parent][MessageChannel] Error: (msgtype=0x390079,name=PContent::Msg_DestroyBrowsingContextGroup) Closed channel: cannot send/recv

JavaScript error: resource://gre/modules/Sqlite.jsm, line 1030: Error: Sqlite.jsm has been shutdown. Cannot open connection to: C:\Users\Paulo Duarte\AppData\Local\Temp\rust_mozprofileJtQFBU\protections.sqlite
1627598287648	geckodriver	INFO	Listening on 127.0.0.1:52272
1627598290688	mozrunner::runner	INFO	Running command: "C:\\Program Files\\Mozilla Firefox\\firefox.exe" "--marionette" "-foreground" "-no-remote" "-profile" "C:\\Users\\PAULOD~1\\AppData\\Local\\Temp\\rust_mozprofilekOlNiU"
1627598291358	Marionette	INFO	Marionette enabled
console.warn: SearchSettings: "get: No settings file exists, new profile?" (new NotFoundError("Could not open the file at C:\\Users\\Paulo Duarte\\AppData\\Local\\Temp\\rust_mozprofilekOlNiU\\search.json.mozlz4", (void 0)))
1627598295030	Marionette	INFO	Listening on port 52281
1627598295516	Marionette	WARN	TLS certificate errors will be ignored for this session
1627598311085	Marionette	INFO	Stopped listening on port 52281

###!!! [Child][MessageChannel] Error: (msgtype=0x23002E,name=PBrowser::Msg___delete__) Channel closing: too late to send/recv, messages will be lost


###!!! [Parent][MessageChannel] Error: (msgtype=0x390079,name=PContent::Msg_DestroyBrowsingContextGroup) Closed channel: cannot send/recv

JavaScript error: resource://gre/modules/Sqlite.jsm, line 1030: Error: Sqlite.jsm has been shutdown. Cannot open connection to: C:\Users\Paulo Duarte\AppData\Local\Temp\rust_mozprofilekOlNiU\protections.sqlite

###!!! [Child][RunMessage] Error: Channel closing: too late to send/recv, messages will be lost

1627598420241	geckodriver	INFO	Listening on 127.0.0.1:59124
1627598423273	mozrunner::runner	INFO	Running command: "C:\\Program Files\\Mozilla Firefox\\firefox.exe" "--marionette" "-foreground" "-no-remote" "-profile" "C:\\Users\\PAULOD~1\\AppData\\Local\\Temp\\rust_mozprofile0lHddn"
1627598423781	Marionette	INFO	Marionette enabled
console.warn: SearchSettings: "get: No settings file exists, new profile?" (new NotFoundError("Could not open the file at C:\\Users\\Paulo Duarte\\AppData\\Local\\Temp\\rust_mozprofile0lHddn\\search.json.mozlz4", (void 0)))
1627598427123	Marionette	INFO	Listening on port 59133
1627598427485	Marionette	WARN	TLS certificate errors will be ignored for this session
1627598443498	Marionette	INFO	Stopped listening on port 59133

###!!! [Parent][MessageChannel] Error: (msgtype=0x390079,name=PContent::Msg_DestroyBrowsingContextGroup) Closed channel: cannot send/recv

JavaScript error: resource://gre/modules/Sqlite.jsm, line 1030: Error: Sqlite.jsm has been shutdown. Cannot open connection to: C:\Users\Paulo Duarte\AppData\Local\Temp\rust_mozprofile0lHddn\protections.sqlite

###!!! [Child][RunMessage] Error: Channel closing: too late to send/recv, messages will be lost

1627598530677	geckodriver	INFO	Listening on 127.0.0.1:57003
1627598533731	mozrunner::runner	INFO	Running command: "C:\\Program Files\\Mozilla Firefox\\firefox.exe" "--marionette" "-foreground" "-no-remote" "-profile" "C:\\Users\\PAULOD~1\\AppData\\Local\\Temp\\rust_mozprofileeRnbuF"
1627598534253	Marionette	INFO	Marionette enabled
console.warn: SearchSettings: "get: No settings file exists, new profile?" (new NotFoundError("Could not open the file at C:\\Users\\Paulo Duarte\\AppData\\Local\\Temp\\rust_mozprofileeRnbuF\\search.json.mozlz4", (void 0)))
1627598538575	Marionette	INFO	Listening on port 57012
1627598539103	Marionette	WARN	TLS certificate errors will be ignored for this session
1627598556762	Marionette	INFO	Stopped listening on port 57012

###!!! [Parent][MessageChannel] Error: (msgtype=0x390079,name=PContent::Msg_DestroyBrowsingContextGroup) Closed channel: cannot send/recv

JavaScript error: resource://gre/modules/Sqlite.jsm, line 1030: Error: Sqlite.jsm has been shutdown. Cannot open connection to: C:\Users\Paulo Duarte\AppData\Local\Temp\rust_mozprofileeRnbuF\protections.sqlite
1627598612081	geckodriver	INFO	Listening on 127.0.0.1:60112
1627598615148	mozrunner::runner	INFO	Running command: "C:\\Program Files\\Mozilla Firefox\\firefox.exe" "--marionette" "-foreground" "-no-remote" "-profile" "C:\\Users\\PAULOD~1\\AppData\\Local\\Temp\\rust_mozprofileNtdy0K"
1627598615663	Marionette	INFO	Marionette enabled
console.warn: SearchSettings: "get: No settings file exists, new profile?" (new NotFoundError("Could not open the file at C:\\Users\\Paulo Duarte\\AppData\\Local\\Temp\\rust_mozprofileNtdy0K\\search.json.mozlz4", (void 0)))
1627598619310	Marionette	INFO	Listening on port 61102
1627598619362	Marionette	WARN	TLS certificate errors will be ignored for this session
1627598638558	Marionette	INFO	Stopped listening on port 61102

###!!! [Parent][MessageChannel] Error: (msgtype=0x390079,name=PContent::Msg_DestroyBrowsingContextGroup) Closed channel: cannot send/recv

JavaScript error: resource://gre/modules/Sqlite.jsm, line 1030: Error: Sqlite.jsm has been shutdown. Cannot open connection to: C:\Users\Paulo Duarte\AppData\Local\Temp\rust_mozprofileNtdy0K\protections.sqlite
1627598899940	geckodriver	INFO	Listening on 127.0.0.1:54660
1627598903012	mozrunner::runner	INFO	Running command: "C:\\Program Files\\Mozilla Firefox\\firefox.exe" "--marionette" "-foreground" "-no-remote" "-profile" "C:\\Users\\PAULOD~1\\AppData\\Local\\Temp\\rust_mozprofile7Jv9lQ"
1627598903545	Marionette	INFO	Marionette enabled
console.warn: SearchSettings: "get: No settings file exists, new profile?" (new NotFoundError("Could not open the file at C:\\Users\\Paulo Duarte\\AppData\\Local\\Temp\\rust_mozprofile7Jv9lQ\\search.json.mozlz4", (void 0)))
1627598907405	Marionette	INFO	Listening on port 63529
1627598907832	Marionette	WARN	TLS certificate errors will be ignored for this session
1627598923550	Marionette	INFO	Stopped listening on port 63529

###!!! [Parent][MessageChannel] Error: (msgtype=0x390079,name=PContent::Msg_DestroyBrowsingContextGroup) Closed channel: cannot send/recv

JavaScript error: resource://gre/modules/Sqlite.jsm, line 1030: Error: Sqlite.jsm has been shutdown. Cannot open connection to: C:\Users\Paulo Duarte\AppData\Local\Temp\rust_mozprofile7Jv9lQ\protections.sqlite

###!!! [Child][RunMessage] Error: Channel closing: too late to send/recv, messages will be lost

1627598956877	geckodriver	INFO	Listening on 127.0.0.1:60729
1627598959923	mozrunner::runner	INFO	Running command: "C:\\Program Files\\Mozilla Firefox\\firefox.exe" "--marionette" "-foreground" "-no-remote" "-profile" "C:\\Users\\PAULOD~1\\AppData\\Local\\Temp\\rust_mozprofileAczsKU"
1627598960433	Marionette	INFO	Marionette enabled
console.warn: SearchSettings: "get: No settings file exists, new profile?" (new NotFoundError("Could not open the file at C:\\Users\\Paulo Duarte\\AppData\\Local\\Temp\\rust_mozprofileAczsKU\\search.json.mozlz4", (void 0)))
1627598963839	Marionette	INFO	Listening on port 60738
1627598964118	Marionette	WARN	TLS certificate errors will be ignored for this session
1627598980569	Marionette	INFO	Stopped listening on port 60738

###!!! [Parent][MessageChannel] Error: (msgtype=0x390079,name=PContent::Msg_DestroyBrowsingContextGroup) Closed channel: cannot send/recv

JavaScript error: resource://gre/modules/Sqlite.jsm, line 1030: Error: Sqlite.jsm has been shutdown. Cannot open connection to: C:\Users\Paulo Duarte\AppData\Local\Temp\rust_mozprofileAczsKU\protections.sqlite
1627599115883	geckodriver	INFO	Listening on 127.0.0.1:58139
1627599118922	mozrunner::runner	INFO	Running command: "C:\\Program Files\\Mozilla Firefox\\firefox.exe" "--marionette" "-foreground" "-no-remote" "-profile" "C:\\Users\\PAULOD~1\\AppData\\Local\\Temp\\rust_mozprofileExr6G5"
1627599119431	Marionette	INFO	Marionette enabled
console.warn: SearchSettings: "get: No settings file exists, new profile?" (new NotFoundError("Could not open the file at C:\\Users\\Paulo Duarte\\AppData\\Local\\Temp\\rust_mozprofileExr6G5\\search.json.mozlz4", (void 0)))
1627599122722	Marionette	INFO	Listening on port 58148
1627599123118	Marionette	WARN	TLS certificate errors will be ignored for this session
1627599138863	Marionette	INFO	Stopped listening on port 58148

###!!! [Parent][MessageChannel] Error: (msgtype=0x390079,name=PContent::Msg_DestroyBrowsingContextGroup) Closed channel: cannot send/recv

JavaScript error: resource://gre/modules/Sqlite.jsm, line 1030: Error: Sqlite.jsm has been shutdown. Cannot open connection to: C:\Users\Paulo Duarte\AppData\Local\Temp\rust_mozprofileExr6G5\protections.sqlite

###!!! [Child][RunMessage] Error: Channel closing: too late to send/recv, messages will be lost

1627599165056	geckodriver	INFO	Listening on 127.0.0.1:64794
1627599168096	mozrunner::runner	INFO	Running command: "C:\\Program Files\\Mozilla Firefox\\firefox.exe" "--marionette" "-foreground" "-no-remote" "-profile" "C:\\Users\\PAULOD~1\\AppData\\Local\\Temp\\rust_mozprofilegVa6tC"
1627599168665	Marionette	INFO	Marionette enabled
console.warn: SearchSettings: "get: No settings file exists, new profile?" (new NotFoundError("Could not open the file at C:\\Users\\Paulo Duarte\\AppData\\Local\\Temp\\rust_mozprofilegVa6tC\\search.json.mozlz4", (void 0)))
1627599172418	Marionette	INFO	Listening on port 64803
1627599172914	Marionette	WARN	TLS certificate errors will be ignored for this session
1627599188255	Marionette	INFO	Stopped listening on port 64803

###!!! [Parent][MessageChannel] Error: (msgtype=0x390079,name=PContent::Msg_DestroyBrowsingContextGroup) Closed channel: cannot send/recv

JavaScript error: resource://gre/modules/Sqlite.jsm, line 1030: Error: Sqlite.jsm has been shutdown. Cannot open connection to: C:\Users\Paulo Duarte\AppData\Local\Temp\rust_mozprofilegVa6tC\protections.sqlite
